This is pdfTeX, Version 3.141592653-2.6-1.40.26 (TeX Live 2024) (preloaded format=pdflatex 2024.4.21)  21 APR 2024 19:59
entering extended mode
 restricted \write18 enabled.
 %&-line parsing enabled.
**Final-Report-Group-5.tex
(./Final-Report-Group-5.tex
LaTeX2e <2023-11-01> patch level 1
L3 programming layer <2024-03-14>
(c:/Users/paezha/AppData/Roaming/TinyTeX/texmf-dist/tex/latex/base/article.cls
Document Class: article 2023/05/17 v1.4n Standard LaTeX document class
(c:/Users/paezha/AppData/Roaming/TinyTeX/texmf-dist/tex/latex/base/size10.clo
File: size10.clo 2023/05/17 v1.4n Standard LaTeX file (size option)
)
\c@part=\count188
\c@section=\count189
\c@subsection=\count190
\c@subsubsection=\count191
\c@paragraph=\count192
\c@subparagraph=\count193
\c@figure=\count194
\c@table=\count195
\abovecaptionskip=\skip48
\belowcaptionskip=\skip49
\bibindent=\dimen140
) (c:/Users/paezha/AppData/Roaming/TinyTeX/texmf-dist/tex/latex/geometry/geometry.sty
Package: geometry 2020/01/02 v5.9 Page Geometry
(c:/Users/paezha/AppData/Roaming/TinyTeX/texmf-dist/tex/latex/graphics/keyval.sty
Package: keyval 2022/05/29 v1.15 key=value parser (DPC)
\KV@toks@=\toks17
) (c:/Users/paezha/AppData/Roaming/TinyTeX/texmf-dist/tex/generic/iftex/ifvtex.sty
Package: ifvtex 2019/10/25 v1.7 ifvtex legacy package. Use iftex instead.
(c:/Users/paezha/AppData/Roaming/TinyTeX/texmf-dist/tex/generic/iftex/iftex.sty
Package: iftex 2022/02/03 v1.0f TeX engine tests
))
\Gm@cnth=\count196
\Gm@cntv=\count197
\c@Gm@tempcnt=\count198
\Gm@bindingoffset=\dimen141
\Gm@wd@mp=\dimen142
\Gm@odd@mp=\dimen143
\Gm@even@mp=\dimen144
\Gm@layoutwidth=\dimen145
\Gm@layoutheight=\dimen146
\Gm@layouthoffset=\dimen147
\Gm@layoutvoffset=\dimen148
\Gm@dimlist=\toks18
) (c:/Users/paezha/AppData/Roaming/TinyTeX/texmf-dist/tex/latex/lm/lmodern.sty
Package: lmodern 2015/05/01 v1.6.1 Latin Modern Fonts
LaTeX Font Info:    Overwriting symbol font `operators' in version `normal'
(Font)                  OT1/cmr/m/n --> OT1/lmr/m/n on input line 22.
LaTeX Font Info:    Overwriting symbol font `letters' in version `normal'
(Font)                  OML/cmm/m/it --> OML/lmm/m/it on input line 23.
LaTeX Font Info:    Overwriting symbol font `symbols' in version `normal'
(Font)                  OMS/cmsy/m/n --> OMS/lmsy/m/n on input line 24.
LaTeX Font Info:    Overwriting symbol font `largesymbols' in version `normal'
(Font)                  OMX/cmex/m/n --> OMX/lmex/m/n on input line 25.
LaTeX Font Info:    Overwriting symbol font `operators' in version `bold'
(Font)                  OT1/cmr/bx/n --> OT1/lmr/bx/n on input line 26.
LaTeX Font Info:    Overwriting symbol font `letters' in version `bold'
(Font)                  OML/cmm/b/it --> OML/lmm/b/it on input line 27.
LaTeX Font Info:    Overwriting symbol font `symbols' in version `bold'
(Font)                  OMS/cmsy/b/n --> OMS/lmsy/b/n on input line 28.
LaTeX Font Info:    Overwriting symbol font `largesymbols' in version `bold'
(Font)                  OMX/cmex/m/n --> OMX/lmex/m/n on input line 29.
LaTeX Font Info:    Overwriting math alphabet `\mathbf' in version `normal'
(Font)                  OT1/cmr/bx/n --> OT1/lmr/bx/n on input line 31.
LaTeX Font Info:    Overwriting math alphabet `\mathsf' in version `normal'
(Font)                  OT1/cmss/m/n --> OT1/lmss/m/n on input line 32.
LaTeX Font Info:    Overwriting math alphabet `\mathit' in version `normal'
(Font)                  OT1/cmr/m/it --> OT1/lmr/m/it on input line 33.
LaTeX Font Info:    Overwriting math alphabet `\mathtt' in version `normal'
(Font)                  OT1/cmtt/m/n --> OT1/lmtt/m/n on input line 34.
LaTeX Font Info:    Overwriting math alphabet `\mathbf' in version `bold'
(Font)                  OT1/cmr/bx/n --> OT1/lmr/bx/n on input line 35.
LaTeX Font Info:    Overwriting math alphabet `\mathsf' in version `bold'
(Font)                  OT1/cmss/bx/n --> OT1/lmss/bx/n on input line 36.
LaTeX Font Info:    Overwriting math alphabet `\mathit' in version `bold'
(Font)                  OT1/cmr/bx/it --> OT1/lmr/bx/it on input line 37.
LaTeX Font Info:    Overwriting math alphabet `\mathtt' in version `bold'
(Font)                  OT1/cmtt/m/n --> OT1/lmtt/m/n on input line 38.
) (c:/Users/paezha/AppData/Roaming/TinyTeX/texmf-dist/tex/latex/base/fontenc.sty
Package: fontenc 2021/04/29 v2.0v Standard LaTeX package
LaTeX Font Info:    Trying to load font information for T1+lmr on input line 112.
(c:/Users/paezha/AppData/Roaming/TinyTeX/texmf-dist/tex/latex/lm/t1lmr.fd
File: t1lmr.fd 2015/05/01 v1.6.1 Font defs for Latin Modern
)) (c:/Users/paezha/AppData/Roaming/TinyTeX/texmf-dist/tex/latex/base/inputenc.sty
Package: inputenc 2021/02/14 v1.3d Input encoding file
\inpenc@prehook=\toks19
\inpenc@posthook=\toks20
) (c:/Users/paezha/AppData/Roaming/TinyTeX/texmf-dist/tex/latex/abstract/abstract.sty
Package: abstract 2009/06/08 v1.2a configurable abstracts
\abstitleskip=\skip50
\absleftindent=\skip51
\absrightindent=\skip52
\absparindent=\skip53
\absparsep=\skip54
) (c:/Users/paezha/AppData/Roaming/TinyTeX/texmf-dist/tex/latex/graphics/graphicx.sty
Package: graphicx 2021/09/16 v1.2d Enhanced LaTeX Graphics (DPC,SPQR)
(c:/Users/paezha/AppData/Roaming/TinyTeX/texmf-dist/tex/latex/graphics/graphics.sty
Package: graphics 2022/03/10 v1.4e Standard LaTeX Graphics (DPC,SPQR)
(c:/Users/paezha/AppData/Roaming/TinyTeX/texmf-dist/tex/latex/graphics/trig.sty
Package: trig 2021/08/11 v1.11 sin cos tan (DPC)
) (c:/Users/paezha/AppData/Roaming/TinyTeX/texmf-dist/tex/latex/graphics-cfg/graphics.cfg
File: graphics.cfg 2016/06/04 v1.11 sample graphics configuration
)
Package graphics Info: Driver file: pdftex.def on input line 107.
(c:/Users/paezha/AppData/Roaming/TinyTeX/texmf-dist/tex/latex/graphics-def/pdftex.def
File: pdftex.def 2024/04/13 v1.2c Graphics/color driver for pdftex
))
\Gin@req@height=\dimen149
\Gin@req@width=\dimen150
) (c:/Users/paezha/AppData/Roaming/TinyTeX/texmf-dist/tex/latex/grffile/grffile.sty
Package: grffile 2019/11/11 v2.1 Extended file name support for graphics (legacy)
Package grffile Info: This package is an empty stub for compatibility on input line 40.
) (c:/Users/paezha/AppData/Roaming/TinyTeX/texmf-dist/tex/latex/titlesec/titlesec.sty
Package: titlesec 2023/10/27 v2.16 Sectioning titles
\ttl@box=\box51
\beforetitleunit=\skip55
\aftertitleunit=\skip56
\ttl@plus=\dimen151
\ttl@minus=\dimen152
\ttl@toksa=\toks21
\titlewidth=\dimen153
\titlewidthlast=\dimen154
\titlewidthfirst=\dimen155
)
\c@hypothesis=\count199
(c:/Users/paezha/AppData/Roaming/TinyTeX/texmf-dist/tex/latex/setspace/setspace.sty
Package: setspace 2022/12/04 v6.7b set line spacing
) (c:/Users/paezha/AppData/Roaming/TinyTeX/texmf-dist/tex/latex/hyperref/hyperref.sty
Package: hyperref 2024-01-20 v7.01h Hypertext links for LaTeX
(c:/Users/paezha/AppData/Roaming/TinyTeX/texmf-dist/tex/latex/kvsetkeys/kvsetkeys.sty
Package: kvsetkeys 2022-10-05 v1.19 Key value parser (HO)
) (c:/Users/paezha/AppData/Roaming/TinyTeX/texmf-dist/tex/generic/kvdefinekeys/kvdefinekeys.sty
Package: kvdefinekeys 2019-12-19 v1.6 Define keys (HO)
) (c:/Users/paezha/AppData/Roaming/TinyTeX/texmf-dist/tex/generic/pdfescape/pdfescape.sty
Package: pdfescape 2019/12/09 v1.15 Implements pdfTeX's escape features (HO)
(c:/Users/paezha/AppData/Roaming/TinyTeX/texmf-dist/tex/generic/ltxcmds/ltxcmds.sty
Package: ltxcmds 2023-12-04 v1.26 LaTeX kernel commands for general use (HO)
) (c:/Users/paezha/AppData/Roaming/TinyTeX/texmf-dist/tex/generic/pdftexcmds/pdftexcmds.sty
Package: pdftexcmds 2020-06-27 v0.33 Utility functions of pdfTeX for LuaTeX (HO)
(c:/Users/paezha/AppData/Roaming/TinyTeX/texmf-dist/tex/generic/infwarerr/infwarerr.sty
Package: infwarerr 2019/12/03 v1.5 Providing info/warning/error messages (HO)
)
Package pdftexcmds Info: \pdf@primitive is available.
Package pdftexcmds Info: \pdf@ifprimitive is available.
Package pdftexcmds Info: \pdfdraftmode found.
)) (c:/Users/paezha/AppData/Roaming/TinyTeX/texmf-dist/tex/latex/hycolor/hycolor.sty
Package: hycolor 2020-01-27 v1.10 Color options for hyperref/bookmark (HO)
) (c:/Users/paezha/AppData/Roaming/TinyTeX/texmf-dist/tex/latex/auxhook/auxhook.sty
Package: auxhook 2019-12-17 v1.6 Hooks for auxiliary files (HO)
) (c:/Users/paezha/AppData/Roaming/TinyTeX/texmf-dist/tex/latex/hyperref/nameref.sty
Package: nameref 2023-11-26 v2.56 Cross-referencing by name of section
(c:/Users/paezha/AppData/Roaming/TinyTeX/texmf-dist/tex/latex/refcount/refcount.sty
Package: refcount 2019/12/15 v3.6 Data extraction from label references (HO)
) (c:/Users/paezha/AppData/Roaming/TinyTeX/texmf-dist/tex/generic/gettitlestring/gettitlestring.sty
Package: gettitlestring 2019/12/15 v1.6 Cleanup title references (HO)
(c:/Users/paezha/AppData/Roaming/TinyTeX/texmf-dist/tex/latex/kvoptions/kvoptions.sty
Package: kvoptions 2022-06-15 v3.15 Key value format for package options (HO)
))
\c@section@level=\count266
) (c:/Users/paezha/AppData/Roaming/TinyTeX/texmf-dist/tex/latex/etoolbox/etoolbox.sty
Package: etoolbox 2020/10/05 v2.5k e-TeX tools for LaTeX (JAW)
\etb@tempcnta=\count267
)
\@linkdim=\dimen156
\Hy@linkcounter=\count268
\Hy@pagecounter=\count269
(c:/Users/paezha/AppData/Roaming/TinyTeX/texmf-dist/tex/latex/hyperref/pd1enc.def
File: pd1enc.def 2024-01-20 v7.01h Hyperref: PDFDocEncoding definition (HO)
Now handling font encoding PD1 ...
... no UTF-8 mapping file for font encoding PD1
) (c:/Users/paezha/AppData/Roaming/TinyTeX/texmf-dist/tex/generic/intcalc/intcalc.sty
Package: intcalc 2019/12/15 v1.3 Expandable calculations with integers (HO)
)
\Hy@SavedSpaceFactor=\count270
(c:/Users/paezha/AppData/Roaming/TinyTeX/texmf-dist/tex/latex/hyperref/puenc.def
File: puenc.def 2024-01-20 v7.01h Hyperref: PDF Unicode definition (HO)
Now handling font encoding PU ...
... no UTF-8 mapping file for font encoding PU
)
Package hyperref Info: Option `draft' set `true' on input line 4062.
Package hyperref Info: Option `unicode' set `true' on input line 4062.
Package hyperref Info: Hyper figures OFF on input line 4179.
Package hyperref Info: Link nesting OFF on input line 4184.
Package hyperref Info: Hyper index ON on input line 4187.
Package hyperref Info: Plain pages OFF on input line 4194.
Package hyperref Info: Backreferencing OFF on input line 4199.
Package hyperref Info: Implicit mode ON; LaTeX internals redefined.
Package hyperref Info: Bookmarks ON on input line 4446.
\c@Hy@tempcnt=\count271
(c:/Users/paezha/AppData/Roaming/TinyTeX/texmf-dist/tex/latex/url/url.sty
\Urlmuskip=\muskip16
Package: url 2013/09/16  ver 3.4  Verb mode for urls, etc.
)
LaTeX Info: Redefining \url on input line 4784.
\XeTeXLinkMargin=\dimen157
(c:/Users/paezha/AppData/Roaming/TinyTeX/texmf-dist/tex/generic/bitset/bitset.sty
Package: bitset 2019/12/09 v1.3 Handle bit-vector datatype (HO)
(c:/Users/paezha/AppData/Roaming/TinyTeX/texmf-dist/tex/generic/bigintcalc/bigintcalc.sty
Package: bigintcalc 2019/12/15 v1.5 Expandable calculations on big integers (HO)
))
\Fld@menulength=\count272
\Field@Width=\dimen158
\Fld@charsize=\dimen159
Package hyperref Info: Hyper figures OFF on input line 6063.
Package hyperref Info: Link nesting OFF on input line 6068.
Package hyperref Info: Hyper index ON on input line 6071.
Package hyperref Info: backreferencing OFF on input line 6078.
Package hyperref Info: Link coloring OFF on input line 6083.
Package hyperref Info: Link coloring with OCG OFF on input line 6088.
Package hyperref Info: PDF/A mode OFF on input line 6093.
(c:/Users/paezha/AppData/Roaming/TinyTeX/texmf-dist/tex/latex/base/atbegshi-ltx.sty
Package: atbegshi-ltx 2021/01/10 v1.0c Emulation of the original atbegshi
package with kernel methods
)
\Hy@abspage=\count273
\c@Item=\count274
\c@Hfootnote=\count275
)
Package hyperref Info: Driver (autodetected): hpdftex.
(c:/Users/paezha/AppData/Roaming/TinyTeX/texmf-dist/tex/latex/hyperref/hpdftex.def
File: hpdftex.def 2024-01-20 v7.01h Hyperref driver for pdfTeX
(c:/Users/paezha/AppData/Roaming/TinyTeX/texmf-dist/tex/latex/base/atveryend-ltx.sty
Package: atveryend-ltx 2020/08/19 v1.0a Emulation of the original atveryend package
with kernel methods
)
\Fld@listcount=\count276
\c@bookmark@seq@number=\count277
(c:/Users/paezha/AppData/Roaming/TinyTeX/texmf-dist/tex/latex/rerunfilecheck/rerunfilecheck.sty
Package: rerunfilecheck 2022-07-10 v1.10 Rerun checks for auxiliary files (HO)
(c:/Users/paezha/AppData/Roaming/TinyTeX/texmf-dist/tex/generic/uniquecounter/uniquecounter.sty
Package: uniquecounter 2019/12/15 v1.4 Provide unlimited unique counter (HO)
)
Package uniquecounter Info: New unique counter `rerunfilecheck' on input line 285.
)
\Hy@SectionHShift=\skip57
) (c:/Users/paezha/AppData/Roaming/TinyTeX/texmf-dist/tex/latex/graphics/color.sty
Package: color 2022/01/06 v1.3d Standard LaTeX Color (DPC)
(c:/Users/paezha/AppData/Roaming/TinyTeX/texmf-dist/tex/latex/graphics-cfg/color.cfg
File: color.cfg 2016/01/02 v1.6 sample color configuration
)
Package color Info: Driver file: pdftex.def on input line 149.
(c:/Users/paezha/AppData/Roaming/TinyTeX/texmf-dist/tex/latex/graphics/dvipsnam.def
File: dvipsnam.def 2016/06/17 v3.0m Driver-dependent file (DPC,SPQR)
) (c:/Users/paezha/AppData/Roaming/TinyTeX/texmf-dist/tex/latex/graphics/mathcolor.ltx))
Package hyperref Info: Option `breaklinks' set `true' on input line 126.

Package hyperref Warning: Option `bookmarks' has already been used,
(hyperref)                setting the option has no effect on input line 126.

Package hyperref Info: Option `colorlinks' set `true' on input line 126.
(c:/Users/paezha/AppData/Roaming/TinyTeX/texmf-dist/tex/latex/placeins/placeins.sty
Package: placeins 2005/04/18  v 2.2
) (c:/Users/paezha/AppData/Roaming/TinyTeX/texmf-dist/tex/latex/l3backend/l3backend-pdftex.def
File: l3backend-pdftex.def 2024-03-14 L3 backend support: PDF output (pdfTeX)
\l__color_backend_stack_int=\count278
\l__pdf_internal_box=\box52
) (./Final-Report-Group-5.aux

LaTeX Warning: Label `' multiply defined.


LaTeX Warning: Label `' multiply defined.


LaTeX Warning: Label `' multiply defined.


LaTeX Warning: Label `' multiply defined.


LaTeX Warning: Label `' multiply defined.


LaTeX Warning: Label `' multiply defined.


LaTeX Warning: Label `' multiply defined.

)
\openout1 = `Final-Report-Group-5.aux'.

LaTeX Font Info:    Checking defaults for OML/cmm/m/it on input line 144.
LaTeX Font Info:    ... okay on input line 144.
LaTeX Font Info:    Checking defaults for OMS/cmsy/m/n on input line 144.
LaTeX Font Info:    ... okay on input line 144.
LaTeX Font Info:    Checking defaults for OT1/cmr/m/n on input line 144.
LaTeX Font Info:    ... okay on input line 144.
LaTeX Font Info:    Checking defaults for T1/cmr/m/n on input line 144.
LaTeX Font Info:    ... okay on input line 144.
LaTeX Font Info:    Checking defaults for TS1/cmr/m/n on input line 144.
LaTeX Font Info:    ... okay on input line 144.
LaTeX Font Info:    Checking defaults for OMX/cmex/m/n on input line 144.
LaTeX Font Info:    ... okay on input line 144.
LaTeX Font Info:    Checking defaults for U/cmr/m/n on input line 144.
LaTeX Font Info:    ... okay on input line 144.
LaTeX Font Info:    Checking defaults for PD1/pdf/m/n on input line 144.
LaTeX Font Info:    ... okay on input line 144.
LaTeX Font Info:    Checking defaults for PU/pdf/m/n on input line 144.
LaTeX Font Info:    ... okay on input line 144.
*geometry* driver: auto-detecting
*geometry* detected driver: pdftex
*geometry* verbose mode - [ preamble ] result:
* driver: pdftex
* paper: <default>
* layout: <same size as paper>
* layoutoffset:(h,v)=(0.0pt,0.0pt)
* modes: 
* h-part:(L,W,R)=(72.26999pt, 469.75502pt, 72.26999pt)
* v-part:(T,H,B)=(72.26999pt, 650.43001pt, 72.26999pt)
* \paperwidth=614.295pt
* \paperheight=794.96999pt
* \textwidth=469.75502pt
* \textheight=650.43001pt
* \oddsidemargin=0.0pt
* \evensidemargin=0.0pt
* \topmargin=-37.0pt
* \headheight=12.0pt
* \headsep=25.0pt
* \topskip=10.0pt
* \footskip=30.0pt
* \marginparwidth=65.0pt
* \marginparsep=11.0pt
* \columnsep=10.0pt
* \skip\footins=9.0pt plus 4.0pt minus 2.0pt
* \hoffset=0.0pt
* \voffset=0.0pt
* \mag=1000
* \@twocolumnfalse
* \@twosidefalse
* \@mparswitchfalse
* \@reversemarginfalse
* (1in=72.27pt=25.4mm, 1cm=28.453pt)

(c:/Users/paezha/AppData/Roaming/TinyTeX/texmf-dist/tex/latex/epstopdf-pkg/epstopdf-base.sty
Package: epstopdf-base 2020-01-24 v2.11 Base part for package epstopdf
(c:/Users/paezha/AppData/Roaming/TinyTeX/texmf-dist/tex/latex/grfext/grfext.sty
Package: grfext 2019/12/03 v1.3 Manage graphics extensions (HO)
)
Package epstopdf-base Info: Redefining graphics rule for `.eps' on input line 485.
Package grfext Info: Graphics extension search list:
(grfext)             [.pdf,.png,.jpg,.mps,.jpeg,.jbig2,.jb2,.PDF,.PNG,.JPG,.JPEG,.JBIG2,.JB2,.eps]
(grfext)             \AppendGraphicsExtensions on input line 504.
(c:/Users/paezha/AppData/Roaming/TinyTeX/texmf-dist/tex/latex/latexconfig/epstopdf-sys.cfg
File: epstopdf-sys.cfg 2010/07/13 v1.3 Configuration of (r)epstopdf for TeX Live
))

Package hyperref Warning: Draft mode on.

Package hyperref Info: Link coloring ON on input line 144.
LaTeX Font Info:    Trying to load font information for T1+phv on input line 162.
(c:/Users/paezha/AppData/Roaming/TinyTeX/texmf-dist/tex/latex/psnfss/t1phv.fd
File: t1phv.fd 2020/03/25 scalable font definitions for T1/phv.
)
LaTeX Font Info:    Font shape `T1/phv/bx/n' in size <11> not available
(Font)              Font shape `T1/phv/b/n' tried instead on input line 162.
[1

{c:/Users/paezha/AppData/Roaming/TinyTeX/texmf-var/fonts/map/pdftex/updmap/pdftex.map}{c:/Users/paezha/AppData/Roaming/TinyTeX/texmf-dist/fonts/enc/dvips/lm/lm-ec.enc}{c:/Users/paezha/AppData/Roaming/TinyTeX/texmf-dist/fonts/enc/dvips/base/8r.enc}] [2]
<Final-Report-Group-5_files/figure-latex/unnamed-chunk-4-1.pdf, id=14, 469.755pt x 325.215pt>
File: Final-Report-Group-5_files/figure-latex/unnamed-chunk-4-1.pdf Graphic file (type pdf)
<use Final-Report-Group-5_files/figure-latex/unnamed-chunk-4-1.pdf>
Package pdftex.def Info: Final-Report-Group-5_files/figure-latex/unnamed-chunk-4-1.pdf  used on input line 362.
(pdftex.def)             Requested size: 469.75386pt x 325.2142pt.
[3 <./Final-Report-Group-5_files/figure-latex/unnamed-chunk-4-1.pdf>]
<Final-Report-Group-5_files/figure-latex/unnamed-chunk-5-1.pdf, id=21, 469.755pt x 325.215pt>
File: Final-Report-Group-5_files/figure-latex/unnamed-chunk-5-1.pdf Graphic file (type pdf)
<use Final-Report-Group-5_files/figure-latex/unnamed-chunk-5-1.pdf>
Package pdftex.def Info: Final-Report-Group-5_files/figure-latex/unnamed-chunk-5-1.pdf  used on input line 378.
(pdftex.def)             Requested size: 469.75386pt x 325.2142pt.
<Final-Report-Group-5_files/figure-latex/unnamed-chunk-6-1.pdf, id=22, 469.755pt x 325.215pt>
File: Final-Report-Group-5_files/figure-latex/unnamed-chunk-6-1.pdf Graphic file (type pdf)
<use Final-Report-Group-5_files/figure-latex/unnamed-chunk-6-1.pdf>
Package pdftex.def Info: Final-Report-Group-5_files/figure-latex/unnamed-chunk-6-1.pdf  used on input line 395.
(pdftex.def)             Requested size: 469.75386pt x 325.2142pt.
<Final-Report-Group-5_files/figure-latex/unnamed-chunk-8-1.pdf, id=23, 469.755pt x 325.215pt>
File: Final-Report-Group-5_files/figure-latex/unnamed-chunk-8-1.pdf Graphic file (type pdf)
<use Final-Report-Group-5_files/figure-latex/unnamed-chunk-8-1.pdf>
Package pdftex.def Info: Final-Report-Group-5_files/figure-latex/unnamed-chunk-8-1.pdf  used on input line 402.
(pdftex.def)             Requested size: 469.75386pt x 325.2142pt.
[4 <./Final-Report-Group-5_files/figure-latex/unnamed-chunk-5-1.pdf>] [5 <./Final-Report-Group-5_files/figure-latex/unnamed-chunk-6-1.pdf>] [6 <./Final-Report-Group-5_files/figure-latex/unnamed-chunk-8-1.pdf>]
<Final-Report-Group-5_files/figure-latex/unnamed-chunk-10-1.pdf, id=53, 469.755pt x 325.215pt>
File: Final-Report-Group-5_files/figure-latex/unnamed-chunk-10-1.pdf Graphic file (type pdf)
<use Final-Report-Group-5_files/figure-latex/unnamed-chunk-10-1.pdf>
Package pdftex.def Info: Final-Report-Group-5_files/figure-latex/unnamed-chunk-10-1.pdf  used on input line 433.
(pdftex.def)             Requested size: 469.75386pt x 325.2142pt.
<Final-Report-Group-5_files/figure-latex/unnamed-chunk-12-1.png, id=54, 3982.88pt x 2007.5pt>
File: Final-Report-Group-5_files/figure-latex/unnamed-chunk-12-1.png Graphic file (type png)
<use Final-Report-Group-5_files/figure-latex/unnamed-chunk-12-1.png>
Package pdftex.def Info: Final-Report-Group-5_files/figure-latex/unnamed-chunk-12-1.png  used on input line 440.
(pdftex.def)             Requested size: 469.72052pt x 236.75429pt.
[7 <./Final-Report-Group-5_files/figure-latex/unnamed-chunk-10-1.pdf>]
<Final-Report-Group-5_files/figure-latex/unnamed-chunk-13-1.pdf, id=65, 469.755pt x 325.215pt>
File: Final-Report-Group-5_files/figure-latex/unnamed-chunk-13-1.pdf Graphic file (type pdf)
<use Final-Report-Group-5_files/figure-latex/unnamed-chunk-13-1.pdf>
Package pdftex.def Info: Final-Report-Group-5_files/figure-latex/unnamed-chunk-13-1.pdf  used on input line 500.
(pdftex.def)             Requested size: 469.75386pt x 325.2142pt.
<Final-Report-Group-5_files/figure-latex/unnamed-chunk-14-1.pdf, id=66, 469.755pt x 325.215pt>
File: Final-Report-Group-5_files/figure-latex/unnamed-chunk-14-1.pdf Graphic file (type pdf)
<use Final-Report-Group-5_files/figure-latex/unnamed-chunk-14-1.pdf>
Package pdftex.def Info: Final-Report-Group-5_files/figure-latex/unnamed-chunk-14-1.pdf  used on input line 507.
(pdftex.def)             Requested size: 469.75386pt x 325.2142pt.
LaTeX Font Info:    Trying to load font information for OT1+lmr on input line 515.
(c:/Users/paezha/AppData/Roaming/TinyTeX/texmf-dist/tex/latex/lm/ot1lmr.fd
File: ot1lmr.fd 2015/05/01 v1.6.1 Font defs for Latin Modern
)
LaTeX Font Info:    Trying to load font information for OML+lmm on input line 515.
(c:/Users/paezha/AppData/Roaming/TinyTeX/texmf-dist/tex/latex/lm/omllmm.fd
File: omllmm.fd 2015/05/01 v1.6.1 Font defs for Latin Modern
)
LaTeX Font Info:    Trying to load font information for OMS+lmsy on input line 515.
(c:/Users/paezha/AppData/Roaming/TinyTeX/texmf-dist/tex/latex/lm/omslmsy.fd
File: omslmsy.fd 2015/05/01 v1.6.1 Font defs for Latin Modern
)
LaTeX Font Info:    Trying to load font information for OMX+lmex on input line 515.
(c:/Users/paezha/AppData/Roaming/TinyTeX/texmf-dist/tex/latex/lm/omxlmex.fd
File: omxlmex.fd 2015/05/01 v1.6.1 Font defs for Latin Modern
)
LaTeX Font Info:    External font `lmex10' loaded for size
(Font)              <10> on input line 515.
LaTeX Font Info:    External font `lmex10' loaded for size
(Font)              <7> on input line 515.
LaTeX Font Info:    External font `lmex10' loaded for size
(Font)              <5> on input line 515.
<Final-Report-Group-5_files/figure-latex/unnamed-chunk-16-1.pdf, id=67, 469.755pt x 325.215pt>
File: Final-Report-Group-5_files/figure-latex/unnamed-chunk-16-1.pdf Graphic file (type pdf)
<use Final-Report-Group-5_files/figure-latex/unnamed-chunk-16-1.pdf>
Package pdftex.def Info: Final-Report-Group-5_files/figure-latex/unnamed-chunk-16-1.pdf  used on input line 542.
(pdftex.def)             Requested size: 469.75386pt x 325.2142pt.
<Final-Report-Group-5_files/figure-latex/unnamed-chunk-17-1.pdf, id=68, 469.755pt x 325.215pt>
File: Final-Report-Group-5_files/figure-latex/unnamed-chunk-17-1.pdf Graphic file (type pdf)
<use Final-Report-Group-5_files/figure-latex/unnamed-chunk-17-1.pdf>
Package pdftex.def Info: Final-Report-Group-5_files/figure-latex/unnamed-chunk-17-1.pdf  used on input line 549.
(pdftex.def)             Requested size: 469.75386pt x 325.2142pt.
<Final-Report-Group-5_files/figure-latex/unnamed-chunk-19-1.pdf, id=69, 469.755pt x 325.215pt>
File: Final-Report-Group-5_files/figure-latex/unnamed-chunk-19-1.pdf Graphic file (type pdf)
<use Final-Report-Group-5_files/figure-latex/unnamed-chunk-19-1.pdf>
Package pdftex.def Info: Final-Report-Group-5_files/figure-latex/unnamed-chunk-19-1.pdf  used on input line 584.
(pdftex.def)             Requested size: 469.75386pt x 325.2142pt.
<Final-Report-Group-5_files/figure-latex/unnamed-chunk-20-1.pdf, id=70, 469.755pt x 325.215pt>
File: Final-Report-Group-5_files/figure-latex/unnamed-chunk-20-1.pdf Graphic file (type pdf)
<use Final-Report-Group-5_files/figure-latex/unnamed-chunk-20-1.pdf>
Package pdftex.def Info: Final-Report-Group-5_files/figure-latex/unnamed-chunk-20-1.pdf  used on input line 591.
(pdftex.def)             Requested size: 469.75386pt x 325.2142pt.
<Final-Report-Group-5_files/figure-latex/unnamed-chunk-22-1.pdf, id=71, 469.755pt x 325.215pt>
File: Final-Report-Group-5_files/figure-latex/unnamed-chunk-22-1.pdf Graphic file (type pdf)
<use Final-Report-Group-5_files/figure-latex/unnamed-chunk-22-1.pdf>
Package pdftex.def Info: Final-Report-Group-5_files/figure-latex/unnamed-chunk-22-1.pdf  used on input line 627.
(pdftex.def)             Requested size: 469.75386pt x 325.2142pt.
<Final-Report-Group-5_files/figure-latex/unnamed-chunk-23-1.pdf, id=72, 469.755pt x 325.215pt>
File: Final-Report-Group-5_files/figure-latex/unnamed-chunk-23-1.pdf Graphic file (type pdf)
<use Final-Report-Group-5_files/figure-latex/unnamed-chunk-23-1.pdf>
Package pdftex.def Info: Final-Report-Group-5_files/figure-latex/unnamed-chunk-23-1.pdf  used on input line 634.
(pdftex.def)             Requested size: 469.75386pt x 325.2142pt.
<Final-Report-Group-5_files/figure-latex/unnamed-chunk-25-1.pdf, id=73, 469.755pt x 325.215pt>
File: Final-Report-Group-5_files/figure-latex/unnamed-chunk-25-1.pdf Graphic file (type pdf)
<use Final-Report-Group-5_files/figure-latex/unnamed-chunk-25-1.pdf>
Package pdftex.def Info: Final-Report-Group-5_files/figure-latex/unnamed-chunk-25-1.pdf  used on input line 669.
(pdftex.def)             Requested size: 469.75386pt x 325.2142pt.
<Final-Report-Group-5_files/figure-latex/unnamed-chunk-26-1.pdf, id=74, 469.755pt x 325.215pt>
File: Final-Report-Group-5_files/figure-latex/unnamed-chunk-26-1.pdf Graphic file (type pdf)
<use Final-Report-Group-5_files/figure-latex/unnamed-chunk-26-1.pdf>
Package pdftex.def Info: Final-Report-Group-5_files/figure-latex/unnamed-chunk-26-1.pdf  used on input line 676.
(pdftex.def)             Requested size: 469.75386pt x 325.2142pt.
<Final-Report-Group-5_files/figure-latex/unnamed-chunk-28-1.pdf, id=75, 469.755pt x 325.215pt>
File: Final-Report-Group-5_files/figure-latex/unnamed-chunk-28-1.pdf Graphic file (type pdf)
<use Final-Report-Group-5_files/figure-latex/unnamed-chunk-28-1.pdf>
Package pdftex.def Info: Final-Report-Group-5_files/figure-latex/unnamed-chunk-28-1.pdf  used on input line 711.
(pdftex.def)             Requested size: 469.75386pt x 325.2142pt.
<Final-Report-Group-5_files/figure-latex/unnamed-chunk-29-1.pdf, id=76, 469.755pt x 325.215pt>
File: Final-Report-Group-5_files/figure-latex/unnamed-chunk-29-1.pdf Graphic file (type pdf)
<use Final-Report-Group-5_files/figure-latex/unnamed-chunk-29-1.pdf>
Package pdftex.def Info: Final-Report-Group-5_files/figure-latex/unnamed-chunk-29-1.pdf  used on input line 718.
(pdftex.def)             Requested size: 469.75386pt x 325.2142pt.
<Final-Report-Group-5_files/figure-latex/unnamed-chunk-31-1.pdf, id=77, 469.755pt x 325.215pt>
File: Final-Report-Group-5_files/figure-latex/unnamed-chunk-31-1.pdf Graphic file (type pdf)
<use Final-Report-Group-5_files/figure-latex/unnamed-chunk-31-1.pdf>
Package pdftex.def Info: Final-Report-Group-5_files/figure-latex/unnamed-chunk-31-1.pdf  used on input line 753.
(pdftex.def)             Requested size: 469.75386pt x 325.2142pt.
<Final-Report-Group-5_files/figure-latex/unnamed-chunk-32-1.pdf, id=78, 469.755pt x 325.215pt>
File: Final-Report-Group-5_files/figure-latex/unnamed-chunk-32-1.pdf Graphic file (type pdf)
<use Final-Report-Group-5_files/figure-latex/unnamed-chunk-32-1.pdf>
Package pdftex.def Info: Final-Report-Group-5_files/figure-latex/unnamed-chunk-32-1.pdf  used on input line 760.
(pdftex.def)             Requested size: 469.75386pt x 325.2142pt.
<Final-Report-Group-5_files/figure-latex/unnamed-chunk-34-1.pdf, id=79, 469.755pt x 325.215pt>
File: Final-Report-Group-5_files/figure-latex/unnamed-chunk-34-1.pdf Graphic file (type pdf)
<use Final-Report-Group-5_files/figure-latex/unnamed-chunk-34-1.pdf>
Package pdftex.def Info: Final-Report-Group-5_files/figure-latex/unnamed-chunk-34-1.pdf  used on input line 795.
(pdftex.def)             Requested size: 469.75386pt x 325.2142pt.
<Final-Report-Group-5_files/figure-latex/unnamed-chunk-35-1.pdf, id=80, 469.755pt x 325.215pt>
File: Final-Report-Group-5_files/figure-latex/unnamed-chunk-35-1.pdf Graphic file (type pdf)
<use Final-Report-Group-5_files/figure-latex/unnamed-chunk-35-1.pdf>
Package pdftex.def Info: Final-Report-Group-5_files/figure-latex/unnamed-chunk-35-1.pdf  used on input line 802.
(pdftex.def)             Requested size: 469.75386pt x 325.2142pt.
[8 <./Final-Report-Group-5_files/figure-latex/unnamed-chunk-12-1.png>] [9{c:/Users/paezha/AppData/Roaming/TinyTeX/texmf-dist/fonts/enc/dvips/lm/lm-rm.enc}{c:/Users/paezha/AppData/Roaming/TinyTeX/texmf-dist/fonts/enc/dvips/lm/lm-mathsy.enc}{c:/Users/paezha/AppData/Roaming/TinyTeX/texmf-dist/fonts/enc/dvips/lm/lm-mathit.enc} <./Final-Report-Group-5_files/figure-latex/unnamed-chunk-13-1.pdf>] [10 <./Final-Report-Group-5_files/figure-latex/unnamed-chunk-14-1.pdf>] [11 <./Final-Report-Group-5_files/figure-latex/unnamed-chunk-16-1.pdf>] [12 <./Final-Report-Group-5_files/figure-latex/unnamed-chunk-17-1.pdf>] [13 <./Final-Report-Group-5_files/figure-latex/unnamed-chunk-19-1.pdf>] [14 <./Final-Report-Group-5_files/figure-latex/unnamed-chunk-20-1.pdf>] [15 <./Final-Report-Group-5_files/figure-latex/unnamed-chunk-22-1.pdf>] [16 <./Final-Report-Group-5_files/figure-latex/unnamed-chunk-23-1.pdf>] [17 <./Final-Report-Group-5_files/figure-latex/unnamed-chunk-25-1.pdf>] [18 <./Final-Report-Group-5_files/figure-latex/unnamed-chunk-26-1.pdf>] [19 <./Final-Report-Group-5_files/figure-latex/unnamed-chunk-28-1.pdf>] [20 <./Final-Report-Group-5_files/figure-latex/unnamed-chunk-29-1.pdf>] [21 <./Final-Report-Group-5_files/figure-latex/unnamed-chunk-31-1.pdf>] [22 <./Final-Report-Group-5_files/figure-latex/unnamed-chunk-32-1.pdf>] [23 <./Final-Report-Group-5_files/figure-latex/unnamed-chunk-34-1.pdf>] [24 <./Final-Report-Group-5_files/figure-latex/unnamed-chunk-35-1.pdf>] [25] [26] [27] [28]
Overfull \hbox (55.03183pt too wide) in paragraph at lines 1176--1181
\T1/lmr/m/it/10 within Louisiana\T1/lmr/m/n/10 . [Data set]. $https : / / data . census . gov / table / DECENNIALDPSF42000 . DP1 ? g = 040XX00US22$0500000 &
 []


Overfull \hbox (55.03183pt too wide) in paragraph at lines 1188--1193
\T1/lmr/m/it/10 within Louisiana\T1/lmr/m/n/10 . [Data set]. $https : / / data . census . gov / table / DECENNIALDPSF32000 . DP3 ? g = 040XX00US22$0500000 &
 []


Overfull \hbox (14.50424pt too wide) in paragraph at lines 1194--1199
\T1/lmr/m/it/10 Cur-rent Hous-ing Unit Dam-age Es-ti-mates: Hur-ri-canes Ka-t-rina, Rita, and Wilma\T1/lmr/m/n/10 . $https : / / gnocdc . s3 . amazonaws .
 []

[29] (./Final-Report-Group-5.aux)
 ***********
LaTeX2e <2023-11-01> patch level 1
L3 programming layer <2024-03-14>
 ***********

LaTeX Warning: There were multiply-defined labels.

 ) 
Here is how much of TeX's memory you used:
 9784 strings out of 476002
 164720 string characters out of 5788877
 1955496 words of memory out of 5000000
 31781 multiletter control sequences out of 15000+600000
 596595 words of font info for 55 fonts, out of 8000000 for 9000
 36 hyphenation exceptions out of 8191
 75i,10n,79p,320b,447s stack positions out of 10000i,1000n,20000p,200000b,200000s
<c:/Users/paezha/AppData/Roaming/TinyTeX/texmf-dist/fonts/type1/public/lm/lmbx10.pfb><c:/Users/paezha/AppData/Roaming/TinyTeX/texmf-dist/fonts/type1/public/lm/lmmi10.pfb><c:/Users/paezha/AppData/Roaming/TinyTeX/texmf-dist/fonts/type1/public/lm/lmr10.pfb><c:/Users/paezha/AppData/Roaming/TinyTeX/texmf-dist/fonts/type1/public/lm/lmr17.pfb><c:/Users/paezha/AppData/Roaming/TinyTeX/texmf-dist/fonts/type1/public/lm/lmr7.pfb><c:/Users/paezha/AppData/Roaming/TinyTeX/texmf-dist/fonts/type1/public/lm/lmri10.pfb><c:/Users/paezha/AppData/Roaming/TinyTeX/texmf-dist/fonts/type1/public/lm/lmri9.pfb><c:/Users/paezha/AppData/Roaming/TinyTeX/texmf-dist/fonts/type1/public/lm/lmsy10.pfb><c:/Users/paezha/AppData/Roaming/TinyTeX/texmf-dist/fonts/type1/public/lm/lmsy7.pfb><c:/Users/paezha/AppData/Roaming/TinyTeX/texmf-dist/fonts/type1/urw/helvetic/uhvb8a.pfb>
Output written on Final-Report-Group-5.pdf (29 pages, 1948039 bytes).
PDF statistics:
 318 PDF objects out of 1000 (max. 8388607)
 210 compressed objects within 3 object streams
 0 named destinations out of 1000 (max. 500000)
 111 words of extra memory for PDF output out of 10000 (max. 10000000)

